0 info it worked if it ends with ok
1 verbose cli [ '/Users/roberto/.nvm/v0.10.21/bin/node',
1 verbose cli   '/Users/roberto/.nvm/v0.10.21/bin/npm',
1 verbose cli   'publish' ]
2 info using npm@1.3.11
3 info using node@v0.10.21
4 verbose publish [ '.' ]
5 verbose cache add [ '.', null ]
6 verbose cache add name=undefined spec="." args=[".",null]
7 verbose parsed url { protocol: null,
7 verbose parsed url   slashes: null,
7 verbose parsed url   auth: null,
7 verbose parsed url   host: null,
7 verbose parsed url   port: null,
7 verbose parsed url   hostname: null,
7 verbose parsed url   hash: null,
7 verbose parsed url   search: null,
7 verbose parsed url   query: null,
7 verbose parsed url   pathname: '.',
7 verbose parsed url   path: '.',
7 verbose parsed url   href: '.' }
8 silly lockFile 3a52ce78- .
9 verbose lock . /Users/roberto/.npm/3a52ce78-.lock
10 verbose tar pack [ '/var/folders/jh/r3qc2ygs48lg96lpbt769fs00000gn/T/npm-32536-wcD7mfdt/1401071604651-0.42452628165483475/tmp.tgz',
10 verbose tar pack   '.' ]
11 verbose tarball /var/folders/jh/r3qc2ygs48lg96lpbt769fs00000gn/T/npm-32536-wcD7mfdt/1401071604651-0.42452628165483475/tmp.tgz
12 verbose folder .
13 silly lockFile 1f1177db-tar tar://.
14 verbose lock tar://. /Users/roberto/.npm/1f1177db-tar.lock
15 silly lockFile 1df12325-4651-0-42452628165483475-tmp-tgz tar:///var/folders/jh/r3qc2ygs48lg96lpbt769fs00000gn/T/npm-32536-wcD7mfdt/1401071604651-0.42452628165483475/tmp.tgz
16 verbose lock tar:///var/folders/jh/r3qc2ygs48lg96lpbt769fs00000gn/T/npm-32536-wcD7mfdt/1401071604651-0.42452628165483475/tmp.tgz /Users/roberto/.npm/1df12325-4651-0-42452628165483475-tmp-tgz.lock
17 silly lockFile 1f1177db-tar tar://.
18 silly lockFile 1f1177db-tar tar://.
19 silly lockFile 1df12325-4651-0-42452628165483475-tmp-tgz tar:///var/folders/jh/r3qc2ygs48lg96lpbt769fs00000gn/T/npm-32536-wcD7mfdt/1401071604651-0.42452628165483475/tmp.tgz
20 silly lockFile 1df12325-4651-0-42452628165483475-tmp-tgz tar:///var/folders/jh/r3qc2ygs48lg96lpbt769fs00000gn/T/npm-32536-wcD7mfdt/1401071604651-0.42452628165483475/tmp.tgz
21 verbose tar unpack /var/folders/jh/r3qc2ygs48lg96lpbt769fs00000gn/T/npm-32536-wcD7mfdt/1401071604651-0.42452628165483475/tmp.tgz
22 silly lockFile 80ad6d92-4651-0-42452628165483475-package tar:///var/folders/jh/r3qc2ygs48lg96lpbt769fs00000gn/T/npm-32536-wcD7mfdt/1401071604651-0.42452628165483475/package
23 verbose lock tar:///var/folders/jh/r3qc2ygs48lg96lpbt769fs00000gn/T/npm-32536-wcD7mfdt/1401071604651-0.42452628165483475/package /Users/roberto/.npm/80ad6d92-4651-0-42452628165483475-package.lock
24 silly lockFile 1df12325-4651-0-42452628165483475-tmp-tgz tar:///var/folders/jh/r3qc2ygs48lg96lpbt769fs00000gn/T/npm-32536-wcD7mfdt/1401071604651-0.42452628165483475/tmp.tgz
25 verbose lock tar:///var/folders/jh/r3qc2ygs48lg96lpbt769fs00000gn/T/npm-32536-wcD7mfdt/1401071604651-0.42452628165483475/tmp.tgz /Users/roberto/.npm/1df12325-4651-0-42452628165483475-tmp-tgz.lock
26 silly gunzTarPerm modes [ '755', '644' ]
27 silly gunzTarPerm extractEntry package.json
28 silly gunzTarPerm extractEntry .npmignore
29 silly gunzTarPerm extractEntry alert.js
30 silly gunzTarPerm extractEntry dependency.js
31 silly gunzTarPerm extractEntry index.js
32 silly gunzTarPerm extractEntry login.js
33 silly gunzTarPerm extractEntry utils.js
34 silly gunzTarPerm extractEntry lib/lazyload.js
35 silly lockFile 80ad6d92-4651-0-42452628165483475-package tar:///var/folders/jh/r3qc2ygs48lg96lpbt769fs00000gn/T/npm-32536-wcD7mfdt/1401071604651-0.42452628165483475/package
36 silly lockFile 80ad6d92-4651-0-42452628165483475-package tar:///var/folders/jh/r3qc2ygs48lg96lpbt769fs00000gn/T/npm-32536-wcD7mfdt/1401071604651-0.42452628165483475/package
37 silly lockFile 1df12325-4651-0-42452628165483475-tmp-tgz tar:///var/folders/jh/r3qc2ygs48lg96lpbt769fs00000gn/T/npm-32536-wcD7mfdt/1401071604651-0.42452628165483475/tmp.tgz
38 silly lockFile 1df12325-4651-0-42452628165483475-tmp-tgz tar:///var/folders/jh/r3qc2ygs48lg96lpbt769fs00000gn/T/npm-32536-wcD7mfdt/1401071604651-0.42452628165483475/tmp.tgz
39 verbose tar pack [ '/Users/roberto/.npm/3vot/0.0.7/package.tgz',
39 verbose tar pack   '/var/folders/jh/r3qc2ygs48lg96lpbt769fs00000gn/T/npm-32536-wcD7mfdt/1401071604651-0.42452628165483475/package' ]
40 verbose tarball /Users/roberto/.npm/3vot/0.0.7/package.tgz
41 verbose folder /var/folders/jh/r3qc2ygs48lg96lpbt769fs00000gn/T/npm-32536-wcD7mfdt/1401071604651-0.42452628165483475/package
42 silly lockFile 80ad6d92-4651-0-42452628165483475-package tar:///var/folders/jh/r3qc2ygs48lg96lpbt769fs00000gn/T/npm-32536-wcD7mfdt/1401071604651-0.42452628165483475/package
43 verbose lock tar:///var/folders/jh/r3qc2ygs48lg96lpbt769fs00000gn/T/npm-32536-wcD7mfdt/1401071604651-0.42452628165483475/package /Users/roberto/.npm/80ad6d92-4651-0-42452628165483475-package.lock
44 silly lockFile 8e748849-berto-npm-3vot-0-0-7-package-tgz tar:///Users/roberto/.npm/3vot/0.0.7/package.tgz
45 verbose lock tar:///Users/roberto/.npm/3vot/0.0.7/package.tgz /Users/roberto/.npm/8e748849-berto-npm-3vot-0-0-7-package-tgz.lock
46 silly lockFile 80ad6d92-4651-0-42452628165483475-package tar:///var/folders/jh/r3qc2ygs48lg96lpbt769fs00000gn/T/npm-32536-wcD7mfdt/1401071604651-0.42452628165483475/package
47 silly lockFile 80ad6d92-4651-0-42452628165483475-package tar:///var/folders/jh/r3qc2ygs48lg96lpbt769fs00000gn/T/npm-32536-wcD7mfdt/1401071604651-0.42452628165483475/package
48 silly lockFile 8e748849-berto-npm-3vot-0-0-7-package-tgz tar:///Users/roberto/.npm/3vot/0.0.7/package.tgz
49 silly lockFile 8e748849-berto-npm-3vot-0-0-7-package-tgz tar:///Users/roberto/.npm/3vot/0.0.7/package.tgz
50 silly lockFile f4635b93-s-roberto-npm-3vot-0-0-7-package /Users/roberto/.npm/3vot/0.0.7/package
51 verbose lock /Users/roberto/.npm/3vot/0.0.7/package /Users/roberto/.npm/f4635b93-s-roberto-npm-3vot-0-0-7-package.lock
52 silly lockFile f4635b93-s-roberto-npm-3vot-0-0-7-package /Users/roberto/.npm/3vot/0.0.7/package
53 silly lockFile f4635b93-s-roberto-npm-3vot-0-0-7-package /Users/roberto/.npm/3vot/0.0.7/package
54 verbose tar unpack /Users/roberto/.npm/3vot/0.0.7/package.tgz
55 silly lockFile f4a4b33c-s-roberto-npm-3vot-0-0-7-package tar:///Users/roberto/.npm/3vot/0.0.7/package
56 verbose lock tar:///Users/roberto/.npm/3vot/0.0.7/package /Users/roberto/.npm/f4a4b33c-s-roberto-npm-3vot-0-0-7-package.lock
57 silly lockFile 8e748849-berto-npm-3vot-0-0-7-package-tgz tar:///Users/roberto/.npm/3vot/0.0.7/package.tgz
58 verbose lock tar:///Users/roberto/.npm/3vot/0.0.7/package.tgz /Users/roberto/.npm/8e748849-berto-npm-3vot-0-0-7-package-tgz.lock
59 silly gunzTarPerm modes [ '755', '644' ]
60 silly gunzTarPerm extractEntry package.json
61 silly gunzTarPerm extractEntry .npmignore
62 silly gunzTarPerm extractEntry alert.js
63 silly gunzTarPerm extractEntry dependency.js
64 silly gunzTarPerm extractEntry index.js
65 silly gunzTarPerm extractEntry login.js
66 silly gunzTarPerm extractEntry utils.js
67 silly gunzTarPerm extractEntry lib/lazyload.js
68 silly lockFile f4a4b33c-s-roberto-npm-3vot-0-0-7-package tar:///Users/roberto/.npm/3vot/0.0.7/package
69 silly lockFile f4a4b33c-s-roberto-npm-3vot-0-0-7-package tar:///Users/roberto/.npm/3vot/0.0.7/package
70 silly lockFile 8e748849-berto-npm-3vot-0-0-7-package-tgz tar:///Users/roberto/.npm/3vot/0.0.7/package.tgz
71 silly lockFile 8e748849-berto-npm-3vot-0-0-7-package-tgz tar:///Users/roberto/.npm/3vot/0.0.7/package.tgz
72 verbose chmod /Users/roberto/.npm/3vot/0.0.7/package.tgz 644
73 verbose chown /Users/roberto/.npm/3vot/0.0.7/package.tgz [ 501, 20 ]
74 silly lockFile 3a52ce78- .
75 silly lockFile 3a52ce78- .
76 silly publish { name: '3vot',
76 silly publish   version: '0.0.7',
76 silly publish   description: 'ERROR: No README data found!',
76 silly publish   main: 'index.js',
76 silly publish   scripts: { test: 'echo "Error: no test specified" && exit 1' },
76 silly publish   author: '',
76 silly publish   license: 'BSD',
76 silly publish   readme: 'ERROR: No README data found!',
76 silly publish   dist: { shasum: 'd0302d33bb67267f01f0227e217b0f33f8a0f3f5' },
76 silly publish   _resolved: 'https://registry.npmjs.org/3vot/-/3vot-0.0.2.tgz',
76 silly publish   _id: '3vot@0.0.7',
76 silly publish   _from: '.' }
77 verbose url raw 3vot
78 verbose url resolving [ 'https://registry.npmjs.org/', './3vot' ]
79 verbose url resolved https://registry.npmjs.org/3vot
80 info trying registry request attempt 1 at 20:33:24
81 http PUT https://registry.npmjs.org/3vot
82 http 201 https://registry.npmjs.org/3vot
83 verbose url raw 3vot
84 verbose url resolving [ 'https://registry.npmjs.org/', './3vot' ]
85 verbose url resolved https://registry.npmjs.org/3vot
86 info trying registry request attempt 1 at 20:33:26
87 http GET https://registry.npmjs.org/3vot
88 http 200 https://registry.npmjs.org/3vot
89 verbose uploading [ '3vot/-/3vot-0.0.7.tgz/-rev/23-20402f13683e440d3dd00367c02b6588',
89 verbose uploading   '/Users/roberto/.npm/3vot/0.0.7/package.tgz' ]
90 verbose url raw 3vot/-/3vot-0.0.7.tgz/-rev/23-20402f13683e440d3dd00367c02b6588
91 verbose url resolving [ 'https://registry.npmjs.org/',
91 verbose url resolving   './3vot/-/3vot-0.0.7.tgz/-rev/23-20402f13683e440d3dd00367c02b6588' ]
92 verbose url resolved https://registry.npmjs.org/3vot/-/3vot-0.0.7.tgz/-rev/23-20402f13683e440d3dd00367c02b6588
93 info trying registry request attempt 1 at 20:33:26
94 http PUT https://registry.npmjs.org/3vot/-/3vot-0.0.7.tgz/-rev/23-20402f13683e440d3dd00367c02b6588
95 http 403 https://registry.npmjs.org/3vot/-/3vot-0.0.7.tgz/-rev/23-20402f13683e440d3dd00367c02b6588
96 info trying registry request attempt 1 at 20:33:27
97 http PUT https://registry.npmjs.org/3vot/-/3vot-0.0.7.tgz/-rev/23-20402f13683e440d3dd00367c02b6588
98 http 400 https://registry.npmjs.org/3vot/-/3vot-0.0.7.tgz/-rev/23-20402f13683e440d3dd00367c02b6588
99 verbose bad json <!DOCTYPE HTML PUBLIC "-//IETF//DTD HTML 2.0//EN">
99 verbose bad json <html><head>
99 verbose bad json <title>400 Bad Request</title>
99 verbose bad json </head><body>
99 verbose bad json <h1>Bad Request</h1>
99 verbose bad json <p>Your browser sent a request that this server could not understand.<br />
99 verbose bad json </p>
99 verbose bad json </body></html>
100 error registry error parsing json
101 error publish Error uploading package
102 error SyntaxError: Unexpected token <
102 error <!DOCTYPE HTML PUBLIC "-//IETF//DTD HTML 2.0//EN">
102 error <html><head>
102 error <title>400 Bad Request</title>
102 error </head><body>
102 error <h1>Bad Request</h1>
102 error <p>Your browser sent a request that this server could not understand.<br />
102 error </p>
102 error </body></html>
102 error
102 error     at Object.parse (native)
102 error     at RegClient.<anonymous> (/Users/roberto/.nvm/v0.10.21/lib/node_modules/npm/node_modules/npm-registry-client/lib/request.js:238:23)
102 error     at Request.self.callback (/Users/roberto/.nvm/v0.10.21/lib/node_modules/npm/node_modules/request/request.js:129:22)
102 error     at Request.EventEmitter.emit (events.js:98:17)
102 error     at Request.<anonymous> (/Users/roberto/.nvm/v0.10.21/lib/node_modules/npm/node_modules/request/request.js:873:14)
102 error     at Request.EventEmitter.emit (events.js:117:20)
102 error     at IncomingMessage.<anonymous> (/Users/roberto/.nvm/v0.10.21/lib/node_modules/npm/node_modules/request/request.js:824:12)
102 error     at IncomingMessage.EventEmitter.emit (events.js:117:20)
102 error     at _stream_readable.js:920:16
102 error     at process._tickCallback (node.js:415:13)
103 error If you need help, you may report this log at:
103 error     <http://github.com/isaacs/npm/issues>
103 error or email it to:
103 error     <npm-@googlegroups.com>
104 error System Darwin 13.1.0
105 error command "/Users/roberto/.nvm/v0.10.21/bin/node" "/Users/roberto/.nvm/v0.10.21/bin/npm" "publish"
106 error cwd /Users/roberto/proyectos/3vot/3vot
107 error node -v v0.10.21
108 error npm -v 1.3.11
109 error type unexpected_token
110 verbose exit [ 1, true ]
